<?xml version="1.0" encoding="UTF-8"?>
<!-- Generated by org.testng.reporters.JUnitReportReporter -->
<testsuite skipped="0" hostname="LAPTOP-D5VLHENF" name="TestGrid4TestNG" tests="5" failures="0" timestamp="2022-04-08T03:50:27 YAKT" time="34.277" errors="0">
  <testcase name="testEquilateralTriangle" time="9.562" classname="TestGrid4TestNG"/>
  <system-out/>
  <testcase name="testObtuseIsoscelesTriangle" time="4.008" classname="TestGrid4TestNG"/>
  <system-out/>
  <testcase name="testEmptyField" time="8.772" classname="TestGrid4TestNG"/>
  <system-out/>
  <testcase name="testNotExistTriangle" time="8.042" classname="TestGrid4TestNG"/>
  <system-out/>
  <testcase name="testRightScaleneTriangle" time="3.893" classname="TestGrid4TestNG"/>
  <system-out/>
</testsuite> <!-- TestGrid4TestNG -->
