<?xml version="1.0" encoding="UTF-8"?>
<!-- Generated by org.testng.reporters.JUnitReportReporter -->
<testsuite skipped="0" hostname="LAPTOP-D5VLHENF" name="online_tusur.unit_online_tusur.StudentTestNGParam" tests="2" failures="0" timestamp="2022-02-27T22:13:42 YAKT" time="0.012" errors="0">
  <testcase name="avgAgeTest" time="0.001" classname="online_tusur.unit_online_tusur.StudentTestNGParam"/>
  <system-out/>
  <testcase name="TestNG_AgeAvg" time="0.011" classname="online_tusur.unit_online_tusur.StudentTestNGParam"/>
  <system-out/>
</testsuite> <!-- online_tusur.unit_online_tusur.StudentTestNGParam -->
