<?xml version="1.0" encoding="UTF-8"?>
<!-- Generated by org.testng.reporters.JUnitReportReporter -->
<testsuite skipped="0" hostname="LAPTOP-D5VLHENF" name="online_tusur.unit_online_tusur.TestStudent$GetFullNameTest" tests="2" failures="1" timestamp="2022-02-28T04:45:00 YAKT" time="0.003" errors="0">
  <testcase name="fullNameTest" time="0.001" classname="online_tusur.unit_online_tusur.TestStudent$GetFullNameTest"/>
  <system-out/>
  <testcase name="fullNameTest" time="0.002" classname="online_tusur.unit_online_tusur.TestStudent$GetFullNameTest">
    <failure type="java.lang.AssertionError" message="expected [Petrova-sergeeva Alla-victoria] but found [Petrova-Sergeeva Alla-Victoria]">
      <![CDATA[java.lang.AssertionError: expected [Petrova-sergeeva Alla-victoria] but found [Petrova-Sergeeva Alla-Victoria]
at org.testng.Assert.fail(Assert.java:99)
at org.testng.Assert.failNotEquals(Assert.java:1037)
at org.testng.Assert.assertEqualsImpl(Assert.java:140)
at org.testng.Assert.assertEquals(Assert.java:122)
at org.testng.Assert.assertEquals(Assert.java:629)
at org.testng.Assert.assertEquals(Assert.java:639)
at online_tusur.unit_online_tusur.TestStudent$GetFullNameTest.fullNameTest(TestStudent.java:83)
at sun.reflect.NativeMethodAccessorImpl.invoke0(Native Method)
at sun.reflect.NativeMethodAccessorImpl.invoke(NativeMethodAccessorImpl.java:62)
at sun.reflect.DelegatingMethodAccessorImpl.invoke(DelegatingMethodAccessorImpl.java:43)
at java.lang.reflect.Method.invoke(Method.java:498)
at org.testng.internal.MethodInvocationHelper.invokeMethod(MethodInvocationHelper.java:133)
at org.testng.internal.TestInvoker.invokeMethod(TestInvoker.java:598)
at org.testng.internal.TestInvoker.invokeTestMethod(TestInvoker.java:173)
at org.testng.internal.TestMethodWithDataProviderMethodWorker.call(TestMethodWithDataProviderMethodWorker.java:77)
at org.testng.internal.TestMethodWithDataProviderMethodWorker.call(TestMethodWithDataProviderMethodWorker.java:15)
at java.util.concurrent.FutureTask.run(FutureTask.java:266)
at java.util.concurrent.Executors$RunnableAdapter.call(Executors.java:511)
at java.util.concurrent.FutureTask.run(FutureTask.java:266)
at java.util.concurrent.ThreadPoolExecutor.runWorker(ThreadPoolExecutor.java:1149)
at java.util.concurrent.ThreadPoolExecutor$Worker.run(ThreadPoolExecutor.java:624)
at java.lang.Thread.run(Thread.java:748)
]]>
    </failure>
  </testcase> <!-- fullNameTest -->
  <system-out/>
</testsuite> <!-- online_tusur.unit_online_tusur.TestStudent$GetFullNameTest -->
