<?xml version="1.0" encoding="UTF-8"?>
<!-- Generated by org.testng.reporters.JUnitReportReporter -->
<testsuite skipped="0" hostname="LAPTOP-D5VLHENF" name="online_tusur.unit_online_tusur.StudentTestNGParam" tests="1" failures="0" timestamp="2022-02-18T04:19:49 YAKT" time="0.006" errors="0">
  <testcase name="TestNG_AgeAvg" time="0.006" classname="online_tusur.unit_online_tusur.StudentTestNGParam"/>
  <system-out/>
</testsuite> <!-- online_tusur.unit_online_tusur.StudentTestNGParam -->
