<?xml version="1.0" encoding="UTF-8"?>
<!-- Generated by org.testng.reporters.JUnitReportReporter -->
<testsuite skipped="0" hostname="LAPTOP-D5VLHENF" name="online_tusur.unit_online_tusur.TestStudent$MinAgeTest" tests="1" failures="0" timestamp="2022-02-28T04:45:00 YAKT" time="0.001" errors="0">
  <testcase name="minAgeProvider" time="0.001" classname="online_tusur.unit_online_tusur.TestStudent$MinAgeTest"/>
  <system-out/>
</testsuite> <!-- online_tusur.unit_online_tusur.TestStudent$MinAgeTest -->
