<?xml version="1.0" encoding="UTF-8"?>
<!-- Generated by org.testng.reporters.JUnitReportReporter -->
<testsuite skipped="0" hostname="LAPTOP-D5VLHENF" name="online_tusur.unit_online_tusur.TestStudent" tests="1" failures="0" timestamp="2022-02-28T04:32:25 YAKT" time="0.008" errors="0">
  <testcase name="avgAgeTest" time="0.008" classname="online_tusur.unit_online_tusur.TestStudent"/>
  <system-out/>
</testsuite> <!-- online_tusur.unit_online_tusur.TestStudent -->
